<?xml version="1.0" encoding="UTF-8"?>
<!-- Generated by org.testng.reporters.JUnitReportReporter -->
<testsuite skipped="0" hostname="qauser-ПК" name="tests.tmp" tests="1" failures="0" timestamp="03 окт 2017 13:58:44 GMT" time="1.516" errors="0">
  <testcase name="getMail" time="1.516" classname="tests.tmp"/>
</testsuite> <!-- tests.tmp -->
