<?xml version="1.0" encoding="UTF-8"?>
<!-- Generated by org.testng.reporters.JUnitReportReporter -->
<testsuite skipped="0" hostname="qauser-ПК" name="tests.MailView" tests="1" failures="0" timestamp="21 мая 2018 12:09:04 GMT" time="0.058" errors="0">
  <testcase name="getMail" time="0.058" classname="tests.MailView"/>
</testsuite> <!-- tests.MailView -->
