<?xml version="1.0" encoding="UTF-8"?>
<!-- Generated by org.testng.reporters.JUnitReportReporter -->
<testsuite skipped="0" hostname="qauser-ПК" name="tests.BaseTests" tests="1" failures="0" timestamp="21 мая 2018 12:09:04 GMT" time="5.948" errors="0">
  <testcase name="dreamTest" time="5.948" classname="tests.BaseTests"/>
</testsuite> <!-- tests.BaseTests -->
